  stdafx.cpp
  FlyOnAShellcode.cpp
FlyOnAShellcode.cpp(50): warning C4996: '_strlwr': This function or variable may be unsafe. Consider using _strlwr_s instead. To disable deprecation, use _CRT_SECURE_NO_WARNINGS. See online help for details.
  C:\Program Files (x86)\Windows Kits\10\Include\10.0.10240.0\ucrt\string.h(233): note: see declaration of '_strlwr'
FlyOnAShellcode.cpp(58): warning C4477: 'sprintf_s' : format string '%x' requires an argument of type 'unsigned int', but variadic argument 1 has type 'PVOID'
FlyOnAShellcode.cpp(130): warning C4996: '_strlwr': This function or variable may be unsafe. Consider using _strlwr_s instead. To disable deprecation, use _CRT_SECURE_NO_WARNINGS. See online help for details.
  C:\Program Files (x86)\Windows Kits\10\Include\10.0.10240.0\ucrt\string.h(233): note: see declaration of '_strlwr'
FlyOnAShellcode.cpp(157): warning C4996: 'fopen': This function or variable may be unsafe. Consider using fopen_s instead. To disable deprecation, use _CRT_SECURE_NO_WARNINGS. See online help for details.
  C:\Program Files (x86)\Windows Kits\10\Include\10.0.10240.0\ucrt\stdio.h(205): note: see declaration of 'fopen'
FlyOnAShellcode.cpp(166): warning C4996: 'fopen': This function or variable may be unsafe. Consider using fopen_s instead. To disable deprecation, use _CRT_SECURE_NO_WARNINGS. See online help for details.
  C:\Program Files (x86)\Windows Kits\10\Include\10.0.10240.0\ucrt\stdio.h(205): note: see declaration of 'fopen'
FlyOnAShellcode.cpp(170): warning C4996: 'strtok': This function or variable may be unsafe. Consider using strtok_s instead. To disable deprecation, use _CRT_SECURE_NO_WARNINGS. See online help for details.
  C:\Program Files (x86)\Windows Kits\10\Include\10.0.10240.0\ucrt\string.h(453): note: see declaration of 'strtok'
FlyOnAShellcode.cpp(171): warning C4996: 'strtok': This function or variable may be unsafe. Consider using strtok_s instead. To disable deprecation, use _CRT_SECURE_NO_WARNINGS. See online help for details.
  C:\Program Files (x86)\Windows Kits\10\Include\10.0.10240.0\ucrt\string.h(453): note: see declaration of 'strtok'
FlyOnAShellcode.cpp(200): warning C4996: 'strtok': This function or variable may be unsafe. Consider using strtok_s instead. To disable deprecation, use _CRT_SECURE_NO_WARNINGS. See online help for details.
  C:\Program Files (x86)\Windows Kits\10\Include\10.0.10240.0\ucrt\string.h(453): note: see declaration of 'strtok'
FlyOnAShellcode.cpp(201): warning C4996: 'strtok': This function or variable may be unsafe. Consider using strtok_s instead. To disable deprecation, use _CRT_SECURE_NO_WARNINGS. See online help for details.
  C:\Program Files (x86)\Windows Kits\10\Include\10.0.10240.0\ucrt\string.h(453): note: see declaration of 'strtok'
  FlyOnAShellcode.vcxproj -> D:\Reverse Engineering Software (Common)\GIT Open Source Projects\FlyOnAShellCode\Release\FlyOnAShellcode.exe
  FlyOnAShellcode.vcxproj -> D:\Reverse Engineering Software (Common)\GIT Open Source Projects\FlyOnAShellCode\Release\FlyOnAShellcode.pdb (Full PDB)
