D:\PATCHESNDATA\REVERSE ENGINEERING\SHELLCODE DBGENGINE DETECTOR\FLYONASHELLCODE V2.8\FLYONASHELLCODE V2.8\DEBUG\FLYONASHELLCODE.EXE
D:\PATCHESNDATA\REVERSE ENGINEERING\SHELLCODE DBGENGINE DETECTOR\FLYONASHELLCODE V2.8\FLYONASHELLCODE V2.8\DEBUG\FLYONASHELLCODE.ILK
D:\PATCHESNDATA\REVERSE ENGINEERING\SHELLCODE DBGENGINE DETECTOR\FLYONASHELLCODE V2.8\FLYONASHELLCODE V2.8\DEBUG\FLYONASHELLCODE.PDB
D:\PatchesNData\Reverse Engineering\Shellcode DBGEngine Detector\FlyOnAShellcode v2.8\FlyOnAShellcode v2.8\FlyOnAShellcode\Debug\cl.command.1.tlog
D:\PatchesNData\Reverse Engineering\Shellcode DBGEngine Detector\FlyOnAShellcode v2.8\FlyOnAShellcode v2.8\FlyOnAShellcode\Debug\CL.read.1.tlog
D:\PatchesNData\Reverse Engineering\Shellcode DBGEngine Detector\FlyOnAShellcode v2.8\FlyOnAShellcode v2.8\FlyOnAShellcode\Debug\CL.write.1.tlog
D:\PATCHESNDATA\REVERSE ENGINEERING\SHELLCODE DBGENGINE DETECTOR\FLYONASHELLCODE V2.8\FLYONASHELLCODE V2.8\FLYONASHELLCODE\DEBUG\FLYONASHELLCODE.EXE.EMBED.MANIFEST
D:\PATCHESNDATA\REVERSE ENGINEERING\SHELLCODE DBGENGINE DETECTOR\FLYONASHELLCODE V2.8\FLYONASHELLCODE V2.8\FLYONASHELLCODE\DEBUG\FLYONASHELLCODE.EXE.EMBED.MANIFEST.RES
D:\PATCHESNDATA\REVERSE ENGINEERING\SHELLCODE DBGENGINE DETECTOR\FLYONASHELLCODE V2.8\FLYONASHELLCODE V2.8\FLYONASHELLCODE\DEBUG\FLYONASHELLCODE.EXE.INTERMEDIATE.MANIFEST
D:\PATCHESNDATA\REVERSE ENGINEERING\SHELLCODE DBGENGINE DETECTOR\FLYONASHELLCODE V2.8\FLYONASHELLCODE V2.8\FLYONASHELLCODE\DEBUG\FLYONASHELLCODE.OBJ
D:\PATCHESNDATA\REVERSE ENGINEERING\SHELLCODE DBGENGINE DETECTOR\FLYONASHELLCODE V2.8\FLYONASHELLCODE V2.8\FLYONASHELLCODE\DEBUG\FLYONASHELLCODE.PCH
D:\PatchesNData\Reverse Engineering\Shellcode DBGEngine Detector\FlyOnAShellcode v2.8\FlyOnAShellcode v2.8\FlyOnAShellcode\Debug\FlyOnAShellcode.vcxprojResolveAssemblyReference.cache
D:\PatchesNData\Reverse Engineering\Shellcode DBGEngine Detector\FlyOnAShellcode v2.8\FlyOnAShellcode v2.8\FlyOnAShellcode\Debug\FlyOnAShellcode.write.1.tlog
D:\PatchesNData\Reverse Engineering\Shellcode DBGEngine Detector\FlyOnAShellcode v2.8\FlyOnAShellcode v2.8\FlyOnAShellcode\Debug\FlyOnAShellcode_manifest.rc
D:\PatchesNData\Reverse Engineering\Shellcode DBGEngine Detector\FlyOnAShellcode v2.8\FlyOnAShellcode v2.8\FlyOnAShellcode\Debug\link.7672.read.1.tlog
D:\PatchesNData\Reverse Engineering\Shellcode DBGEngine Detector\FlyOnAShellcode v2.8\FlyOnAShellcode v2.8\FlyOnAShellcode\Debug\link.7672.write.1.tlog
D:\PatchesNData\Reverse Engineering\Shellcode DBGEngine Detector\FlyOnAShellcode v2.8\FlyOnAShellcode v2.8\FlyOnAShellcode\Debug\link.7672-cvtres.read.1.tlog
D:\PatchesNData\Reverse Engineering\Shellcode DBGEngine Detector\FlyOnAShellcode v2.8\FlyOnAShellcode v2.8\FlyOnAShellcode\Debug\link.7672-cvtres.write.1.tlog
D:\PatchesNData\Reverse Engineering\Shellcode DBGEngine Detector\FlyOnAShellcode v2.8\FlyOnAShellcode v2.8\FlyOnAShellcode\Debug\link.command.1.tlog
D:\PatchesNData\Reverse Engineering\Shellcode DBGEngine Detector\FlyOnAShellcode v2.8\FlyOnAShellcode v2.8\FlyOnAShellcode\Debug\link.read.1.tlog
D:\PatchesNData\Reverse Engineering\Shellcode DBGEngine Detector\FlyOnAShellcode v2.8\FlyOnAShellcode v2.8\FlyOnAShellcode\Debug\link.write.1.tlog
D:\PatchesNData\Reverse Engineering\Shellcode DBGEngine Detector\FlyOnAShellcode v2.8\FlyOnAShellcode v2.8\FlyOnAShellcode\Debug\link-cvtres.read.1.tlog
D:\PatchesNData\Reverse Engineering\Shellcode DBGEngine Detector\FlyOnAShellcode v2.8\FlyOnAShellcode v2.8\FlyOnAShellcode\Debug\link-cvtres.write.1.tlog
D:\PatchesNData\Reverse Engineering\Shellcode DBGEngine Detector\FlyOnAShellcode v2.8\FlyOnAShellcode v2.8\FlyOnAShellcode\Debug\mt.command.1.tlog
D:\PatchesNData\Reverse Engineering\Shellcode DBGEngine Detector\FlyOnAShellcode v2.8\FlyOnAShellcode v2.8\FlyOnAShellcode\Debug\mt.read.1.tlog
D:\PatchesNData\Reverse Engineering\Shellcode DBGEngine Detector\FlyOnAShellcode v2.8\FlyOnAShellcode v2.8\FlyOnAShellcode\Debug\mt.write.1.tlog
D:\PatchesNData\Reverse Engineering\Shellcode DBGEngine Detector\FlyOnAShellcode v2.8\FlyOnAShellcode v2.8\FlyOnAShellcode\Debug\rc.command.1.tlog
D:\PatchesNData\Reverse Engineering\Shellcode DBGEngine Detector\FlyOnAShellcode v2.8\FlyOnAShellcode v2.8\FlyOnAShellcode\Debug\rc.read.1.tlog
D:\PatchesNData\Reverse Engineering\Shellcode DBGEngine Detector\FlyOnAShellcode v2.8\FlyOnAShellcode v2.8\FlyOnAShellcode\Debug\rc.write.1.tlog
D:\PATCHESNDATA\REVERSE ENGINEERING\SHELLCODE DBGENGINE DETECTOR\FLYONASHELLCODE V2.8\FLYONASHELLCODE V2.8\FLYONASHELLCODE\DEBUG\STDAFX.OBJ
D:\PatchesNData\Reverse Engineering\Shellcode DBGEngine Detector\FlyOnAShellcode v2.8\FlyOnAShellcode v2.8\FlyOnAShellcode\Debug\vc100.idb
D:\PATCHESNDATA\REVERSE ENGINEERING\SHELLCODE DBGENGINE DETECTOR\FLYONASHELLCODE V2.8\FLYONASHELLCODE V2.8\FLYONASHELLCODE\DEBUG\VC100.PDB
