  stdafx.cpp
  FlyOnAShellcode.cpp
d:\reverse engineering software (common)\git open source projects\flyonashellcode\flyonashellcode\flyonashellcode.cpp(6): warning C4652: compiler option 'StdCall(/Gz)' inconsistent with precompiled header; current command-line option will override that defined in the precompiled header
d:\reverse engineering software (common)\git open source projects\flyonashellcode\flyonashellcode\flyonashellcode.cpp(6): warning C4652: compiler option 'CDecl(/Gd)' inconsistent with precompiled header; current command-line option will override that defined in the precompiled header
d:\reverse engineering software (common)\git open source projects\flyonashellcode\flyonashellcode\flyonashellcode.cpp(6): warning C4005: 'PSAPI_VERSION': macro redefinition
  c:\program files (x86)\windows kits\8.1\include\um\psapi.h(51): note: see previous definition of 'PSAPI_VERSION'
d:\reverse engineering software (common)\git open source projects\flyonashellcode\flyonashellcode\flyonashellcode.cpp(50): warning C4996: '_strlwr': This function or variable may be unsafe. Consider using _strlwr_s instead. To disable deprecation, use _CRT_SECURE_NO_WARNINGS. See online help for details.
  c:\program files (x86)\windows kits\10\include\10.0.10240.0\ucrt\string.h(233): note: see declaration of '_strlwr'
d:\reverse engineering software (common)\git open source projects\flyonashellcode\flyonashellcode\flyonashellcode.cpp(58): warning C4477: 'sprintf_s' : format string '%x' requires an argument of type 'unsigned int', but variadic argument 1 has type 'PVOID'
d:\reverse engineering software (common)\git open source projects\flyonashellcode\flyonashellcode\flyonashellcode.cpp(130): warning C4996: '_strlwr': This function or variable may be unsafe. Consider using _strlwr_s instead. To disable deprecation, use _CRT_SECURE_NO_WARNINGS. See online help for details.
  c:\program files (x86)\windows kits\10\include\10.0.10240.0\ucrt\string.h(233): note: see declaration of '_strlwr'
d:\reverse engineering software (common)\git open source projects\flyonashellcode\flyonashellcode\flyonashellcode.cpp(157): warning C4996: 'fopen': This function or variable may be unsafe. Consider using fopen_s instead. To disable deprecation, use _CRT_SECURE_NO_WARNINGS. See online help for details.
  c:\program files (x86)\windows kits\10\include\10.0.10240.0\ucrt\stdio.h(205): note: see declaration of 'fopen'
d:\reverse engineering software (common)\git open source projects\flyonashellcode\flyonashellcode\flyonashellcode.cpp(166): warning C4996: 'fopen': This function or variable may be unsafe. Consider using fopen_s instead. To disable deprecation, use _CRT_SECURE_NO_WARNINGS. See online help for details.
  c:\program files (x86)\windows kits\10\include\10.0.10240.0\ucrt\stdio.h(205): note: see declaration of 'fopen'
d:\reverse engineering software (common)\git open source projects\flyonashellcode\flyonashellcode\flyonashellcode.cpp(170): warning C4996: 'strtok': This function or variable may be unsafe. Consider using strtok_s instead. To disable deprecation, use _CRT_SECURE_NO_WARNINGS. See online help for details.
  c:\program files (x86)\windows kits\10\include\10.0.10240.0\ucrt\string.h(453): note: see declaration of 'strtok'
d:\reverse engineering software (common)\git open source projects\flyonashellcode\flyonashellcode\flyonashellcode.cpp(171): warning C4996: 'strtok': This function or variable may be unsafe. Consider using strtok_s instead. To disable deprecation, use _CRT_SECURE_NO_WARNINGS. See online help for details.
  c:\program files (x86)\windows kits\10\include\10.0.10240.0\ucrt\string.h(453): note: see declaration of 'strtok'
d:\reverse engineering software (common)\git open source projects\flyonashellcode\flyonashellcode\flyonashellcode.cpp(200): warning C4996: 'strtok': This function or variable may be unsafe. Consider using strtok_s instead. To disable deprecation, use _CRT_SECURE_NO_WARNINGS. See online help for details.
  c:\program files (x86)\windows kits\10\include\10.0.10240.0\ucrt\string.h(453): note: see declaration of 'strtok'
d:\reverse engineering software (common)\git open source projects\flyonashellcode\flyonashellcode\flyonashellcode.cpp(201): warning C4996: 'strtok': This function or variable may be unsafe. Consider using strtok_s instead. To disable deprecation, use _CRT_SECURE_NO_WARNINGS. See online help for details.
  c:\program files (x86)\windows kits\10\include\10.0.10240.0\ucrt\string.h(453): note: see declaration of 'strtok'
d:\reverse engineering software (common)\git open source projects\flyonashellcode\flyonashellcode\flyonashellcode.cpp(255): warning C4007: 'main': must be '__cdecl'
  FlyOnAShellcode.vcxproj -> D:\Reverse Engineering Software (Common)\GIT Open Source Projects\FlyOnAShellCode\Debug\FlyOnAShellcode.exe
  FlyOnAShellcode.vcxproj -> D:\Reverse Engineering Software (Common)\GIT Open Source Projects\FlyOnAShellCode\Debug\FlyOnAShellcode.pdb (Full PDB)
